C51 COMPILER V9.54   TYPE_F                                                                03/17/2019 17:08:42 PAGE 1   


C51 COMPILER V9.54, COMPILATION OF MODULE TYPE_F
OBJECT MODULE PLACED IN .\Output\type_f.obj
COMPILER INVOKED BY: E:\Tools\Keil5\C51\BIN\C51.EXE type_f.c LARGE OPTIMIZE(8,SPEED) BROWSE INCDIR(.\Inc) DEBUG OBJECTEX
                    -TEND PRINT(.\List\type_f.lst) OBJECT(.\Output\type_f.obj)

line level    source

   1          #include "main.h"
   2          #include "FM175XX.h" 
   3          #include <string.h>     
   4          unsigned char NFCID2[8];
   5          
   6          
   7          unsigned char TypeF_Polling(unsigned char slot,unsigned char *rece_len,unsigned char *rece_buff)
   8          {
   9   1      unsigned int rece_bitlen;
  10   1      unsigned char result;
  11   1      unsigned char send_buff[6]= {0x06,0x00,0xFF,0xFF,0x00,0x00};
  12   1      
  13   1      if ((slot!=0x00)&&(slot!=0x01)&&(slot!=0x03)&&(slot!=0x07)&&(slot!=0x0F))
  14   1              return ERROR;
  15   1      else
  16   1              send_buff[5]=slot;
  17   1              Pcd_SetTimer(10);
  18   1          result = Pcd_Comm(Transceive,send_buff,6,rece_buff,&rece_bitlen);
  19   1              if (result==OK)
  20   1                      {
  21   2                      *rece_len=rece_bitlen/8;
  22   2                      memcpy(NFCID2,rece_buff+2,8);
  23   2                      return OK;      
  24   2                      }
  25   1              else
  26   1              *rece_len=0;
  27   1      return ERROR;
  28   1      }


MODULE INFORMATION:   STATIC OVERLAYABLE
   CODE SIZE        =    216    ----
   CONSTANT SIZE    =      6    ----
   XDATA SIZE       =      8      15
   PDATA SIZE       =   ----    ----
   DATA SIZE        =   ----    ----
   IDATA SIZE       =   ----    ----
   BIT SIZE         =   ----    ----
END OF MODULE INFORMATION.


C51 COMPILATION COMPLETE.  0 WARNING(S),  0 ERROR(S)
