C51 COMPILER V9.54   TYPE_B                                                                03/17/2019 17:06:41 PAGE 1   


C51 COMPILER V9.54, COMPILATION OF MODULE TYPE_B
OBJECT MODULE PLACED IN .\Output\type_b.obj
COMPILER INVOKED BY: E:\Tools\Keil5\C51\BIN\C51.EXE type_b.c LARGE OPTIMIZE(8,SPEED) BROWSE INCDIR(.\Inc) DEBUG OBJECTEX
                    -TEND PRINT(.\List\type_b.lst) OBJECT(.\Output\type_b.obj)

line level    source

   1          /*************************************************************/
   2          //2014.03.06修改版
   3          /*************************************************************/
   4          #include "fm175xx.h"
   5          #include "type_b.h"
   6          #include "cpu_card.h"
   7          #include "main.h"
   8          #include <string.h>
   9          
  10          struct PICC_B_STR PICC_B;
  11          
  12          /*****************************************************************************************/
  13          /*名称：TypeB_Halt                                                                                                                                               */
  14          /*功能：设置TYPE B卡片进入停止状态                                                                                                               */
  15          /*输入：card_sn：卡片的PUPI                                                                                                                              */
  16          /*输出：                                                                                                                                                                 */
  17          /*              OK：操作成功                                                                                                                                     */
  18          /*              ERROR：操作失败                                                                                                                                  */
  19          /*****************************************************************************************/
  20          unsigned char TypeB_Halt(unsigned char *card_sn,unsigned char *rece_len,unsigned char *rece_buff)
  21          {
  22   1              unsigned char result,send_buff[5];
  23   1              unsigned int rece_bitlen;
  24   1                      Pcd_SetTimer(5);
  25   1                      send_buff[0] = 0x50;
  26   1                      memcpy( send_buff+1, card_sn,4);
  27   1                                              
  28   1                      result = Pcd_Comm(Transceive,send_buff,5,rece_buff,&rece_bitlen);
  29   1                      if (result==OK)
  30   1                              *rece_len=rece_bitlen/8;
  31   1                      else
  32   1                              *rece_len=0;
  33   1                      return result;
  34   1      }
  35          /*****************************************************************************************/
  36          /*名称：TypeB_WUP                                                                                                                                                */
  37          /*功能：TYPE B卡片唤醒                                                                                                                                   */
  38          /*输入：N/A                                                                                                                                                              */
  39          /*输出：                                                                                                                                                                 */
  40          /*              rece_len:卡片应答的数据长度；buff：卡片应答的数据指针                                                    */
  41          /*              card_sn:卡片的PUPI字节                                                                                                                   */
  42          /*              OK：操作成功                                                                                                                                     */
  43          /*              ERROR：操作失败                                                                                                                                  */
  44          /*****************************************************************************************/
  45          unsigned char TypeB_WUP(unsigned char *rece_len,unsigned char *buff, struct PICC_B_STR *type_b_card)
  46          {                                               
  47   1              unsigned char result,send_buff[3];
  48   1              unsigned int rece_bitlen;
  49   1                      Pcd_SetTimer(5);
  50   1                      send_buff[0]=0x05;//APf
  51   1                      send_buff[1]=0x00;//AFI (00:for all cards)
  52   1                      send_buff[2]=0x08;//PARAM(WUP,Number of slots =0)
  53   1                      
  54   1                      result = Pcd_Comm(Transceive,send_buff,3,buff,&rece_bitlen);
C51 COMPILER V9.54   TYPE_B                                                                03/17/2019 17:06:41 PAGE 2   

  55   1                      if (result==OK)
  56   1                              {
  57   2                              *rece_len=rece_bitlen/8;
  58   2                              memcpy(type_b_card->PUPI,buff+1,4);
  59   2                              memcpy(type_b_card->APPLICATION_DATA,buff+6,4);
  60   2                              memcpy(type_b_card->PROTOCOL_INF,buff+10,3);
  61   2                              }
  62   1                      else
  63   1                              *rece_len=0;            
  64   1                      return (result);
  65   1      }
  66          /*****************************************************************************************/
  67          /*名称：TypeB_Request                                                                                                                                    */
  68          /*功能：TYPE B卡片选卡                                                                                                                                   */
  69          /*输入：                                                                                                                                                                 */
  70          /*输出：                                                                                                                                                                 */
  71          /*              OK：操作成功                                                                                                                                     */
  72          /*              ERROR：操作失败                                                                                                                                  */
  73          /*****************************************************************************************/
  74          unsigned char TypeB_Request(unsigned char *rece_len,unsigned char *buff,struct PICC_B_STR *type_b_card)
  75          {                       
  76   1              unsigned char result,send_buff[3];
  77   1              unsigned int rece_bitlen;
  78   1                      Pcd_SetTimer(5);
  79   1                      send_buff[0]=0x05;      //APf
  80   1                      send_buff[1]=0x00;      //AFI (00:for all cards)
  81   1                      send_buff[2]=0x00;      //PARAM(REQB,Number of slots =0)
  82   1              
  83   1                      result = Pcd_Comm(Transceive,send_buff,3,buff,&rece_bitlen);
  84   1                      if (result==OK)
  85   1                              {       
  86   2                              *rece_len=rece_bitlen/8;
  87   2                              memcpy(type_b_card->PUPI,buff+1,4);
  88   2                              memcpy(type_b_card->APPLICATION_DATA,buff+6,4);
  89   2                              memcpy(type_b_card->PROTOCOL_INF,buff+10,3);
  90   2                              }
  91   1                      else
  92   1                              *rece_len=0;
  93   1                      return result;
  94   1      }               
  95          /*****************************************************************************************/
  96          /*名称：TypeB_Select                                                                                                                                     */
  97          /*功能：TYPE B卡片选卡                                                                                                                                   */
  98          /*输入：card_sn：卡片PUPI字节（4字节）                                                                                                   */
  99          /*输出：                                                                                                                                                                 */
 100          /*              rece_len：应答数据的长度                                                                                                                 */
 101          /*              buff：应答数据的指针                                                                                                                     */
 102          /*              OK：操作成功                                                                                                                                     */
 103          /*              ERROR：操作失败                                                                                                                                  */
 104          /*****************************************************************************************/
 105          unsigned char TypeB_Select(unsigned char *card_sn,unsigned char *rece_len,unsigned char *buff)
 106          {
 107   1              unsigned char result,send_buff[9];
 108   1              unsigned int rece_bitlen;
 109   1                      Pcd_SetTimer(5);
 110   1                      send_buff[0] = 0x1d;
 111   1                                      
 112   1                      memcpy(send_buff+ 1,card_sn,4);
 113   1                              
 114   1                      send_buff[5] = 0x00;
 115   1                      send_buff[6] = 0x08;  //01--24，08--256
 116   1                      send_buff[7] = 0x01;  //COMPATIBLE WITH 14443-4
C51 COMPILER V9.54   TYPE_B                                                                03/17/2019 17:06:41 PAGE 3   

 117   1                      send_buff[8] = 0x01;  //CID：01 
 118   1                              
 119   1                      result = Pcd_Comm(Transceive,send_buff,9,buff,&rece_bitlen);
 120   1                      if (result==OK)
 121   1                              *rece_len=rece_bitlen/8;
 122   1                      else
 123   1                              *rece_len=0;
 124   1                      return result;
 125   1      }       
 126          /*****************************************************************************************/
 127          /*名称：TypeB_GetUID                                                                                                                                     */
 128          /*功能：身份证专用指令                                                                                                                                   */
 129          /*输入：N/A                                                                                                                                                              */
 130          /*输出：rece_len：返回数据的长度                                                                                                                 */
 131          /*              buff：返回数据的指针                                                                                                                     */
 132          /*              OK：操作成功                                                                                                                                     */
 133          /*              ERROR：操作失败                                                                                                                                  */
 134          /*****************************************************************************************/
 135          unsigned char TypeB_GetUID(unsigned char *rece_len,unsigned char *buff)
 136          {
 137   1              unsigned char result,send_buff[5];
 138   1              unsigned int rece_bitlen;
 139   1                      Pcd_SetTimer(5);
 140   1                      send_buff[0]=0x00;
 141   1                      send_buff[1]=0x36;
 142   1                      send_buff[2]=0x00;
 143   1                      send_buff[3]=0x00;
 144   1                      send_buff[4]=0x08;
 145   1                      
 146   1                      result = Pcd_Comm(Transceive,send_buff,5,buff,&rece_bitlen);
 147   1                      if (result==OK)
 148   1                              *rece_len=rece_bitlen/8;
 149   1                      else
 150   1                              *rece_len=0;
 151   1                      return (result);
 152   1      }       


MODULE INFORMATION:   STATIC OVERLAYABLE
   CODE SIZE        =   1069    ----
   CONSTANT SIZE    =   ----    ----
   XDATA SIZE       =     11      79
   PDATA SIZE       =   ----    ----
   DATA SIZE        =   ----    ----
   IDATA SIZE       =   ----    ----
   BIT SIZE         =   ----    ----
END OF MODULE INFORMATION.


C51 COMPILATION COMPLETE.  0 WARNING(S),  0 ERROR(S)
